<?xml version="1.0" encoding="UTF-8"?>
<testsuites name="Verify Operations" time="63.287" tests="5" failures="0" errors="0">
   <testsuite name="Verify Operations" tests="5" failures="0" errors="0" time="63.287" skipped="0" timestamp="2022-02-04 00:16:59" hostname="THE_One - DESKTOP-PNB83M6" id="Test Suites/Verify Operations">
      <properties>
         <property name="deviceName" value=""/>
         <property name="devicePlatform" value=""/>
         <property name="logFolder" value="E:\\Apply Job\\PDKM assignment\\Google calculator\\Google Calculator\\Reports\\20220204_001638\\Verify Operations\\20220204_001638"/>
         <property name="logFiles" value="E:\\Apply Job\\PDKM assignment\\Google calculator\\Google Calculator\\Reports\\20220204_001638\\Verify Operations\\20220204_001638\\execution0.log"/>
         <property name="attachments" value=""/>
         <property name="hostName" value="THE_One - DESKTOP-PNB83M6"/>
         <property name="os" value="Windows 10 64bit"/>
         <property name="katalonVersion" value="8.2.5.208"/>
         <property name="browser" value="Chrome 97.0.4692.99"/>
         <property name="hostAddress" value="192.168.1.109"/>
         <property name="sessionId" value="9ef12afdd98da7e6f528240205c6394b"/>
         <property name="seleniumVersion" value="3.141.59"/>
         <property name="proxyInformation" value="ProxyInformation { proxyOption=NO_PROXY, proxyServerType=HTTP, username=, password=********, proxyServerAddress=, proxyServerPort=0, executionList=&quot;&quot;, isApplyToDesiredCapabilities=true }"/>
         <property name="platform" value="Windows 10"/>
      </properties>
      <testcase name="Test Cases/common/Open Google Calculator" time="10.821" classname="Test Cases/common/Open Google Calculator" status="PASSED">
         <system-out><![CDATA[2022-02-04 00:16:59 - [TEST_CASE][PASSED] - Test Cases/common/Open Google Calculator: Test Cases/common/Open Google Calculator

2022-02-04 00:17:00 - [TEST_STEP][PASSED] - openBrowser(""): Browser is opened with url: ''

2022-02-04 00:17:00 - [MESSAGE][INFO] - Starting 'Chrome' driver

2022-02-04 00:17:00 - [MESSAGE][INFO] - Action delay is set to 0 milliseconds

2022-02-04 00:17:03 - [MESSAGE][PASSED] - Browser is opened with url: ''

2022-02-04 00:17:03 - [TEST_STEP][PASSED] - navigateToUrl("https://www.google.co.th/"): Navigate to 'https://www.google.co.th/' successfully

2022-02-04 00:17:04 - [MESSAGE][PASSED] - Navigate to 'https://www.google.co.th/' successfully

2022-02-04 00:17:04 - [TEST_STEP][PASSED] - setText(findTestObject("Page_Google/input__text"), "Calculator"): Text 'Calculator' is set on object 'Object Repository/Page_Google/input__text'

2022-02-04 00:17:05 - [MESSAGE][PASSED] - Text 'Calculator' is set on object 'Object Repository/Page_Google/input__text'

2022-02-04 00:17:05 - [TEST_STEP][PASSED] - sendKeys(findTestObject("Page_Google/input__text"), Keys.chord(ENTER)): Keys 'ENTER + ' sent to object: 'Object Repository/Page_Google/input__text'

2022-02-04 00:17:09 - [MESSAGE][PASSED] - Keys 'ENTER + ' sent to object: 'Object Repository/Page_Google/input__text'

2022-02-04 00:17:09 - [TEST_STEP][PASSED] - Start listener action : sampleAfterTestCase: Browser is closed

2022-02-04 00:17:09 - [TEST_STEP][PASSED] - closeBrowser(): Browser is closed

2022-02-04 00:17:10 - [MESSAGE][PASSED] - Browser is closed]]></system-out>
         <system-err><![CDATA[]]></system-err>
      </testcase>
      <testcase name="Test Cases/operations/Verify Plus" time="11.961" classname="Test Cases/operations/Verify Plus" status="PASSED">
         <system-out><![CDATA[2022-02-04 00:17:10 - [TEST_CASE][PASSED] - Test Cases/operations/Verify Plus: Test Cases/operations/Verify Plus

2022-02-04 00:17:12 - [TEST_STEP][PASSED] - callTestCase(findTestCase("common/Plus number"), [:], STOP_ON_FAILURE): Call Test Case 'Test Cases/common/Plus number' successfully

2022-02-04 00:17:12 - [TEST_CASE][PASSED] - Test Cases/common/Plus number: Test Cases/common/Plus number

2022-02-04 00:17:14 - [TEST_STEP][PASSED] - openBrowser(""): Browser is opened with url: ''

2022-02-04 00:17:14 - [MESSAGE][INFO] - Starting 'Chrome' driver

2022-02-04 00:17:14 - [MESSAGE][INFO] - Action delay is set to 0 milliseconds

2022-02-04 00:17:16 - [MESSAGE][PASSED] - Browser is opened with url: ''

2022-02-04 00:17:16 - [TEST_STEP][PASSED] - navigateToUrl("https://www.google.co.th/search?q=calculator&sxsrf=APq-WBu0bAnDBLMw-Sm9ReDNbqGgWVV-nQ%3A1643879066507&source=hp&ei=mpr7YfS1HJDs-QbDpqbABg&iflsig=AHkkrS4AAAAAYfuoqtSJkal5QaaHdwqob673fqCRthxs&oq=calc&gs_lcp=Cgdnd3Mtd2l6EAEYADIICAAQgAQQsQMyCAgAEIAEELEDMggIABCABBCxAzIICAAQgAQQsQMyBQgAEIAEMgUIABCABDIICAAQgAQQsQMyBQgAEIAEMgUIABCABDIFCAAQgAQ6BwgjEOoCECc6DQguEMcBENEDEOoCECc6BAgjECc6DgguEIAEELEDEMcBENEDOgUILhCABDoICC4QgAQQsQM6BQgAELEDUNkFWPsKYLwVaAFwAHgAgAFjiAHoApIBATSYAQCgAQGwAQo&sclient=gws-wiz"): Navigate to 'https://www.google.co.th/search?q=calculator&sxsrf=APq-WBu0bAnDBLMw-Sm9ReDNbqGgWVV-nQ%3A1643879066507&source=hp&ei=mpr7YfS1HJDs-QbDpqbABg&iflsig=AHkkrS4AAAAAYfuoqtSJkal5QaaHdwqob673fqCRthxs&oq=calc&gs_lcp=Cgdnd3Mtd2l6EAEYADIICAAQgAQQsQMyCAgAEIAEELEDMggIABCABBCxAzIICAAQgAQQsQMyBQgAEIAEMgUIABCABDIICAAQgAQQsQMyBQgAEIAEMgUIABCABDIFCAAQgAQ6BwgjEOoCECc6DQguEMcBENEDEOoCECc6BAgjECc6DgguEIAEELEDEMcBENEDOgUILhCABDoICC4QgAQQsQM6BQgAELEDUNkFWPsKYLwVaAFwAHgAgAFjiAHoApIBATSYAQCgAQGwAQo&sclient=gws-wiz' successfully

2022-02-04 00:17:17 - [MESSAGE][PASSED] - Navigate to 'https://www.google.co.th/search?q=calculator&sxsrf=APq-WBu0bAnDBLMw-Sm9ReDNbqGgWVV-nQ%3A1643879066507&source=hp&ei=mpr7YfS1HJDs-QbDpqbABg&iflsig=AHkkrS4AAAAAYfuoqtSJkal5QaaHdwqob673fqCRthxs&oq=calc&gs_lcp=Cgdnd3Mtd2l6EAEYADIICAAQgAQQsQMyCAgAEIAEELEDMggIABCABBCxAzIICAAQgAQQsQMyBQgAEIAEMgUIABCABDIICAAQgAQQsQMyBQgAEIAEMgUIABCABDIFCAAQgAQ6BwgjEOoCECc6DQguEMcBENEDEOoCECc6BAgjECc6DgguEIAEELEDEMcBENEDOgUILhCABDoICC4QgAQQsQM6BQgAELEDUNkFWPsKYLwVaAFwAHgAgAFjiAHoApIBATSYAQCgAQGwAQo&sclient=gws-wiz' successfully

2022-02-04 00:17:17 - [TEST_STEP][PASSED] - click(findTestObject("Page_calculator -  Google/num_1")): Object: 'Object Repository/Page_calculator -  Google/num_1' is clicked on

2022-02-04 00:17:19 - [MESSAGE][PASSED] - Object: 'Object Repository/Page_calculator -  Google/num_1' is clicked on

2022-02-04 00:17:19 - [TEST_STEP][PASSED] - click(findTestObject("Page_calculator -  Google/button_plus")): Object: 'Object Repository/Page_calculator -  Google/button_plus' is clicked on

2022-02-04 00:17:19 - [MESSAGE][PASSED] - Object: 'Object Repository/Page_calculator -  Google/button_plus' is clicked on

2022-02-04 00:17:19 - [TEST_STEP][PASSED] - click(findTestObject("Page_calculator -  Google/num_1")): Object: 'Object Repository/Page_calculator -  Google/num_1' is clicked on

2022-02-04 00:17:20 - [MESSAGE][PASSED] - Object: 'Object Repository/Page_calculator -  Google/num_1' is clicked on

2022-02-04 00:17:20 - [TEST_STEP][PASSED] - click(findTestObject("Page_calculator -  Google/button_result")): Object: 'Object Repository/Page_calculator -  Google/button_result' is clicked on

2022-02-04 00:17:20 - [MESSAGE][PASSED] - Object: 'Object Repository/Page_calculator -  Google/button_result' is clicked on

2022-02-04 00:17:20 - [TEST_STEP][PASSED] - click(findTestObject("Page_calculator -  Google/number_input")): Object: 'Object Repository/Page_calculator -  Google/number_input' is clicked on

2022-02-04 00:17:21 - [MESSAGE][PASSED] - Object: 'Object Repository/Page_calculator -  Google/number_input' is clicked on

2022-02-04 00:17:21 - [MESSAGE][PASSED] - Call Test Case 'Test Cases/common/Plus number' successfully

2022-02-04 00:17:21 - [TEST_STEP][PASSED] - verifyElementText(findTestObject("Page_calculator -  Google/number_input"), "2"): Actual text and expected text of test object 'Object Repository/Page_calculator -  Google/number_input' are matched.

2022-02-04 00:17:21 - [MESSAGE][PASSED] - Actual text and expected text of test object 'Object Repository/Page_calculator -  Google/number_input' are matched.

2022-02-04 00:17:21 - [TEST_STEP][PASSED] - Start listener action : sampleAfterTestCase: Browser is closed

2022-02-04 00:17:21 - [TEST_STEP][PASSED] - closeBrowser(): Browser is closed

2022-02-04 00:17:22 - [MESSAGE][PASSED] - Browser is closed]]></system-out>
         <system-err><![CDATA[]]></system-err>
      </testcase>
      <testcase name="Test Cases/operations/Verify Minus" time="17.497" classname="Test Cases/operations/Verify Minus" status="PASSED">
         <system-out><![CDATA[2022-02-04 00:17:22 - [TEST_CASE][PASSED] - Test Cases/operations/Verify Minus: Test Cases/operations/Verify Minus

2022-02-04 00:17:22 - [TEST_STEP][PASSED] - callTestCase(findTestCase("common/Minus number"), [:], STOP_ON_FAILURE): Call Test Case 'Test Cases/common/Minus number' successfully

2022-02-04 00:17:23 - [TEST_CASE][PASSED] - Test Cases/common/Minus number: Test Cases/common/Minus number

2022-02-04 00:17:23 - [TEST_STEP][PASSED] - openBrowser(""): Browser is opened with url: ''

2022-02-04 00:17:23 - [MESSAGE][INFO] - Starting 'Chrome' driver

2022-02-04 00:17:23 - [MESSAGE][INFO] - Action delay is set to 0 milliseconds

2022-02-04 00:17:24 - [MESSAGE][PASSED] - Browser is opened with url: ''

2022-02-04 00:17:24 - [TEST_STEP][PASSED] - navigateToUrl("https://www.google.co.th/search?q=calculator&sxsrf=APq-WBu0bAnDBLMw-Sm9ReDNbqGgWVV-nQ%3A1643879066507&source=hp&ei=mpr7YfS1HJDs-QbDpqbABg&iflsig=AHkkrS4AAAAAYfuoqtSJkal5QaaHdwqob673fqCRthxs&oq=calc&gs_lcp=Cgdnd3Mtd2l6EAEYADIICAAQgAQQsQMyCAgAEIAEELEDMggIABCABBCxAzIICAAQgAQQsQMyBQgAEIAEMgUIABCABDIICAAQgAQQsQMyBQgAEIAEMgUIABCABDIFCAAQgAQ6BwgjEOoCECc6DQguEMcBENEDEOoCECc6BAgjECc6DgguEIAEELEDEMcBENEDOgUILhCABDoICC4QgAQQsQM6BQgAELEDUNkFWPsKYLwVaAFwAHgAgAFjiAHoApIBATSYAQCgAQGwAQo&sclient=gws-wiz"): Navigate to 'https://www.google.co.th/search?q=calculator&sxsrf=APq-WBu0bAnDBLMw-Sm9ReDNbqGgWVV-nQ%3A1643879066507&source=hp&ei=mpr7YfS1HJDs-QbDpqbABg&iflsig=AHkkrS4AAAAAYfuoqtSJkal5QaaHdwqob673fqCRthxs&oq=calc&gs_lcp=Cgdnd3Mtd2l6EAEYADIICAAQgAQQsQMyCAgAEIAEELEDMggIABCABBCxAzIICAAQgAQQsQMyBQgAEIAEMgUIABCABDIICAAQgAQQsQMyBQgAEIAEMgUIABCABDIFCAAQgAQ6BwgjEOoCECc6DQguEMcBENEDEOoCECc6BAgjECc6DgguEIAEELEDEMcBENEDOgUILhCABDoICC4QgAQQsQM6BQgAELEDUNkFWPsKYLwVaAFwAHgAgAFjiAHoApIBATSYAQCgAQGwAQo&sclient=gws-wiz' successfully

2022-02-04 00:17:25 - [MESSAGE][PASSED] - Navigate to 'https://www.google.co.th/search?q=calculator&sxsrf=APq-WBu0bAnDBLMw-Sm9ReDNbqGgWVV-nQ%3A1643879066507&source=hp&ei=mpr7YfS1HJDs-QbDpqbABg&iflsig=AHkkrS4AAAAAYfuoqtSJkal5QaaHdwqob673fqCRthxs&oq=calc&gs_lcp=Cgdnd3Mtd2l6EAEYADIICAAQgAQQsQMyCAgAEIAEELEDMggIABCABBCxAzIICAAQgAQQsQMyBQgAEIAEMgUIABCABDIICAAQgAQQsQMyBQgAEIAEMgUIABCABDIFCAAQgAQ6BwgjEOoCECc6DQguEMcBENEDEOoCECc6BAgjECc6DgguEIAEELEDEMcBENEDOgUILhCABDoICC4QgAQQsQM6BQgAELEDUNkFWPsKYLwVaAFwAHgAgAFjiAHoApIBATSYAQCgAQGwAQo&sclient=gws-wiz' successfully

2022-02-04 00:17:25 - [TEST_STEP][PASSED] - click(findTestObject("Page_calculator -  Google/num_9")): Object: 'Object Repository/Page_calculator -  Google/num_9' is clicked on

2022-02-04 00:17:26 - [MESSAGE][PASSED] - Object: 'Object Repository/Page_calculator -  Google/num_9' is clicked on

2022-02-04 00:17:26 - [TEST_STEP][PASSED] - click(findTestObject("Page_calculator -  Google/num_8")): Object: 'Object Repository/Page_calculator -  Google/num_8' is clicked on

2022-02-04 00:17:27 - [MESSAGE][PASSED] - Object: 'Object Repository/Page_calculator -  Google/num_8' is clicked on

2022-02-04 00:17:27 - [TEST_STEP][PASSED] - click(findTestObject("Page_calculator -  Google/num_7")): Object: 'Object Repository/Page_calculator -  Google/num_7' is clicked on

2022-02-04 00:17:30 - [MESSAGE][PASSED] - Object: 'Object Repository/Page_calculator -  Google/num_7' is clicked on

2022-02-04 00:17:30 - [TEST_STEP][PASSED] - click(findTestObject("Page_calculator -  Google/num_6")): Object: 'Object Repository/Page_calculator -  Google/num_6' is clicked on

2022-02-04 00:17:31 - [MESSAGE][PASSED] - Object: 'Object Repository/Page_calculator -  Google/num_6' is clicked on

2022-02-04 00:17:31 - [TEST_STEP][PASSED] - click(findTestObject("Page_calculator -  Google/num_5")): Object: 'Object Repository/Page_calculator -  Google/num_5' is clicked on

2022-02-04 00:17:32 - [MESSAGE][PASSED] - Object: 'Object Repository/Page_calculator -  Google/num_5' is clicked on

2022-02-04 00:17:32 - [TEST_STEP][PASSED] - click(findTestObject("Page_calculator -  Google/button_minus")): Object: 'Object Repository/Page_calculator -  Google/button_minus' is clicked on

2022-02-04 00:17:33 - [MESSAGE][PASSED] - Object: 'Object Repository/Page_calculator -  Google/button_minus' is clicked on

2022-02-04 00:17:33 - [TEST_STEP][PASSED] - click(findTestObject("Page_calculator -  Google/num_4")): Object: 'Object Repository/Page_calculator -  Google/num_4' is clicked on

2022-02-04 00:17:34 - [MESSAGE][PASSED] - Object: 'Object Repository/Page_calculator -  Google/num_4' is clicked on

2022-02-04 00:17:34 - [TEST_STEP][PASSED] - click(findTestObject("Page_calculator -  Google/num_3")): Object: 'Object Repository/Page_calculator -  Google/num_3' is clicked on

2022-02-04 00:17:35 - [MESSAGE][PASSED] - Object: 'Object Repository/Page_calculator -  Google/num_3' is clicked on

2022-02-04 00:17:35 - [TEST_STEP][PASSED] - click(findTestObject("Page_calculator -  Google/num_2")): Object: 'Object Repository/Page_calculator -  Google/num_2' is clicked on

2022-02-04 00:17:36 - [MESSAGE][PASSED] - Object: 'Object Repository/Page_calculator -  Google/num_2' is clicked on

2022-02-04 00:17:36 - [TEST_STEP][PASSED] - click(findTestObject("Page_calculator -  Google/num_1")): Object: 'Object Repository/Page_calculator -  Google/num_1' is clicked on

2022-02-04 00:17:36 - [MESSAGE][PASSED] - Object: 'Object Repository/Page_calculator -  Google/num_1' is clicked on

2022-02-04 00:17:36 - [TEST_STEP][PASSED] - click(findTestObject("Page_calculator -  Google/num_0")): Object: 'Object Repository/Page_calculator -  Google/num_0' is clicked on

2022-02-04 00:17:37 - [MESSAGE][PASSED] - Object: 'Object Repository/Page_calculator -  Google/num_0' is clicked on

2022-02-04 00:17:37 - [TEST_STEP][PASSED] - click(findTestObject("Page_calculator -  Google/button_result")): Object: 'Object Repository/Page_calculator -  Google/button_result' is clicked on

2022-02-04 00:17:37 - [MESSAGE][PASSED] - Object: 'Object Repository/Page_calculator -  Google/button_result' is clicked on

2022-02-04 00:17:37 - [TEST_STEP][PASSED] - click(findTestObject("Page_calculator -  Google/number_input")): Object: 'Object Repository/Page_calculator -  Google/number_input' is clicked on

2022-02-04 00:17:38 - [MESSAGE][PASSED] - Object: 'Object Repository/Page_calculator -  Google/number_input' is clicked on

2022-02-04 00:17:38 - [MESSAGE][PASSED] - Call Test Case 'Test Cases/common/Minus number' successfully

2022-02-04 00:17:38 - [TEST_STEP][PASSED] - verifyElementText(findTestObject("Page_calculator -  Google/number_input"), "55555"): Actual text and expected text of test object 'Object Repository/Page_calculator -  Google/number_input' are matched.

2022-02-04 00:17:38 - [MESSAGE][PASSED] - Actual text and expected text of test object 'Object Repository/Page_calculator -  Google/number_input' are matched.

2022-02-04 00:17:38 - [TEST_STEP][PASSED] - Start listener action : sampleAfterTestCase: Browser is closed

2022-02-04 00:17:38 - [TEST_STEP][PASSED] - closeBrowser(): Browser is closed

2022-02-04 00:17:40 - [MESSAGE][PASSED] - Browser is closed]]></system-out>
         <system-err><![CDATA[]]></system-err>
      </testcase>
      <testcase name="Test Cases/operations/Verify Multiply" time="9.48" classname="Test Cases/operations/Verify Multiply" status="PASSED">
         <system-out><![CDATA[2022-02-04 00:17:40 - [TEST_CASE][PASSED] - Test Cases/operations/Verify Multiply: Test Cases/operations/Verify Multiply

2022-02-04 00:17:40 - [TEST_STEP][PASSED] - callTestCase(findTestCase("common/Multiply number"), [:], STOP_ON_FAILURE): Call Test Case 'Test Cases/common/Multiply number' successfully

2022-02-04 00:17:40 - [TEST_CASE][PASSED] - Test Cases/common/Multiply number: Test Cases/common/Multiply number

2022-02-04 00:17:40 - [TEST_STEP][PASSED] - openBrowser(""): Browser is opened with url: ''

2022-02-04 00:17:40 - [MESSAGE][INFO] - Starting 'Chrome' driver

2022-02-04 00:17:40 - [MESSAGE][INFO] - Action delay is set to 0 milliseconds

2022-02-04 00:17:42 - [MESSAGE][PASSED] - Browser is opened with url: ''

2022-02-04 00:17:42 - [TEST_STEP][PASSED] - navigateToUrl("https://www.google.co.th/search?q=calculator&sxsrf=APq-WBu0bAnDBLMw-Sm9ReDNbqGgWVV-nQ%3A1643879066507&source=hp&ei=mpr7YfS1HJDs-QbDpqbABg&iflsig=AHkkrS4AAAAAYfuoqtSJkal5QaaHdwqob673fqCRthxs&oq=calc&gs_lcp=Cgdnd3Mtd2l6EAEYADIICAAQgAQQsQMyCAgAEIAEELEDMggIABCABBCxAzIICAAQgAQQsQMyBQgAEIAEMgUIABCABDIICAAQgAQQsQMyBQgAEIAEMgUIABCABDIFCAAQgAQ6BwgjEOoCECc6DQguEMcBENEDEOoCECc6BAgjECc6DgguEIAEELEDEMcBENEDOgUILhCABDoICC4QgAQQsQM6BQgAELEDUNkFWPsKYLwVaAFwAHgAgAFjiAHoApIBATSYAQCgAQGwAQo&sclient=gws-wiz"): Navigate to 'https://www.google.co.th/search?q=calculator&sxsrf=APq-WBu0bAnDBLMw-Sm9ReDNbqGgWVV-nQ%3A1643879066507&source=hp&ei=mpr7YfS1HJDs-QbDpqbABg&iflsig=AHkkrS4AAAAAYfuoqtSJkal5QaaHdwqob673fqCRthxs&oq=calc&gs_lcp=Cgdnd3Mtd2l6EAEYADIICAAQgAQQsQMyCAgAEIAEELEDMggIABCABBCxAzIICAAQgAQQsQMyBQgAEIAEMgUIABCABDIICAAQgAQQsQMyBQgAEIAEMgUIABCABDIFCAAQgAQ6BwgjEOoCECc6DQguEMcBENEDEOoCECc6BAgjECc6DgguEIAEELEDEMcBENEDOgUILhCABDoICC4QgAQQsQM6BQgAELEDUNkFWPsKYLwVaAFwAHgAgAFjiAHoApIBATSYAQCgAQGwAQo&sclient=gws-wiz' successfully

2022-02-04 00:17:43 - [MESSAGE][PASSED] - Navigate to 'https://www.google.co.th/search?q=calculator&sxsrf=APq-WBu0bAnDBLMw-Sm9ReDNbqGgWVV-nQ%3A1643879066507&source=hp&ei=mpr7YfS1HJDs-QbDpqbABg&iflsig=AHkkrS4AAAAAYfuoqtSJkal5QaaHdwqob673fqCRthxs&oq=calc&gs_lcp=Cgdnd3Mtd2l6EAEYADIICAAQgAQQsQMyCAgAEIAEELEDMggIABCABBCxAzIICAAQgAQQsQMyBQgAEIAEMgUIABCABDIICAAQgAQQsQMyBQgAEIAEMgUIABCABDIFCAAQgAQ6BwgjEOoCECc6DQguEMcBENEDEOoCECc6BAgjECc6DgguEIAEELEDEMcBENEDOgUILhCABDoICC4QgAQQsQM6BQgAELEDUNkFWPsKYLwVaAFwAHgAgAFjiAHoApIBATSYAQCgAQGwAQo&sclient=gws-wiz' successfully

2022-02-04 00:17:43 - [TEST_STEP][PASSED] - click(findTestObject("Page_calculator -  Google/num_5")): Object: 'Object Repository/Page_calculator -  Google/num_5' is clicked on

2022-02-04 00:17:45 - [MESSAGE][PASSED] - Object: 'Object Repository/Page_calculator -  Google/num_5' is clicked on

2022-02-04 00:17:45 - [TEST_STEP][PASSED] - click(findTestObject("Page_calculator -  Google/button_multiple")): Object: 'Object Repository/Page_calculator -  Google/button_multiple' is clicked on

2022-02-04 00:17:45 - [MESSAGE][PASSED] - Object: 'Object Repository/Page_calculator -  Google/button_multiple' is clicked on

2022-02-04 00:17:45 - [TEST_STEP][PASSED] - click(findTestObject("Page_calculator -  Google/num_5")): Object: 'Object Repository/Page_calculator -  Google/num_5' is clicked on

2022-02-04 00:17:46 - [MESSAGE][PASSED] - Object: 'Object Repository/Page_calculator -  Google/num_5' is clicked on

2022-02-04 00:17:46 - [TEST_STEP][PASSED] - click(findTestObject("Page_calculator -  Google/button_result")): Object: 'Object Repository/Page_calculator -  Google/button_result' is clicked on

2022-02-04 00:17:47 - [MESSAGE][PASSED] - Object: 'Object Repository/Page_calculator -  Google/button_result' is clicked on

2022-02-04 00:17:47 - [TEST_STEP][PASSED] - click(findTestObject("Page_calculator -  Google/number_input")): Object: 'Object Repository/Page_calculator -  Google/number_input' is clicked on

2022-02-04 00:17:47 - [MESSAGE][PASSED] - Object: 'Object Repository/Page_calculator -  Google/number_input' is clicked on

2022-02-04 00:17:47 - [MESSAGE][PASSED] - Call Test Case 'Test Cases/common/Multiply number' successfully

2022-02-04 00:17:47 - [TEST_STEP][PASSED] - verifyElementText(findTestObject("Page_calculator -  Google/number_input"), "25"): Actual text and expected text of test object 'Object Repository/Page_calculator -  Google/number_input' are matched.

2022-02-04 00:17:48 - [MESSAGE][PASSED] - Actual text and expected text of test object 'Object Repository/Page_calculator -  Google/number_input' are matched.

2022-02-04 00:17:48 - [TEST_STEP][PASSED] - Start listener action : sampleAfterTestCase: Browser is closed

2022-02-04 00:17:48 - [TEST_STEP][PASSED] - closeBrowser(): Browser is closed

2022-02-04 00:17:49 - [MESSAGE][PASSED] - Browser is closed]]></system-out>
         <system-err><![CDATA[]]></system-err>
      </testcase>
      <testcase name="Test Cases/operations/Verify Devide" time="12.897" classname="Test Cases/operations/Verify Devide" status="PASSED">
         <system-out><![CDATA[2022-02-04 00:17:49 - [TEST_CASE][PASSED] - Test Cases/operations/Verify Devide: Test Cases/operations/Verify Devide

2022-02-04 00:17:50 - [TEST_STEP][PASSED] - callTestCase(findTestCase("common/Devide number"), [:], STOP_ON_FAILURE): Call Test Case 'Test Cases/common/Devide number' successfully

2022-02-04 00:17:51 - [TEST_CASE][PASSED] - Test Cases/common/Devide number: Test Cases/common/Devide number

2022-02-04 00:17:52 - [TEST_STEP][PASSED] - openBrowser(""): Browser is opened with url: ''

2022-02-04 00:17:52 - [MESSAGE][INFO] - Starting 'Chrome' driver

2022-02-04 00:17:52 - [MESSAGE][INFO] - Action delay is set to 0 milliseconds

2022-02-04 00:17:54 - [MESSAGE][PASSED] - Browser is opened with url: ''

2022-02-04 00:17:54 - [TEST_STEP][PASSED] - navigateToUrl("https://www.google.co.th/search?q=calculator&sxsrf=APq-WBu0bAnDBLMw-Sm9ReDNbqGgWVV-nQ%3A1643879066507&source=hp&ei=mpr7YfS1HJDs-QbDpqbABg&iflsig=AHkkrS4AAAAAYfuoqtSJkal5QaaHdwqob673fqCRthxs&oq=calc&gs_lcp=Cgdnd3Mtd2l6EAEYADIICAAQgAQQsQMyCAgAEIAEELEDMggIABCABBCxAzIICAAQgAQQsQMyBQgAEIAEMgUIABCABDIICAAQgAQQsQMyBQgAEIAEMgUIABCABDIFCAAQgAQ6BwgjEOoCECc6DQguEMcBENEDEOoCECc6BAgjECc6DgguEIAEELEDEMcBENEDOgUILhCABDoICC4QgAQQsQM6BQgAELEDUNkFWPsKYLwVaAFwAHgAgAFjiAHoApIBATSYAQCgAQGwAQo&sclient=gws-wiz"): Navigate to 'https://www.google.co.th/search?q=calculator&sxsrf=APq-WBu0bAnDBLMw-Sm9ReDNbqGgWVV-nQ%3A1643879066507&source=hp&ei=mpr7YfS1HJDs-QbDpqbABg&iflsig=AHkkrS4AAAAAYfuoqtSJkal5QaaHdwqob673fqCRthxs&oq=calc&gs_lcp=Cgdnd3Mtd2l6EAEYADIICAAQgAQQsQMyCAgAEIAEELEDMggIABCABBCxAzIICAAQgAQQsQMyBQgAEIAEMgUIABCABDIICAAQgAQQsQMyBQgAEIAEMgUIABCABDIFCAAQgAQ6BwgjEOoCECc6DQguEMcBENEDEOoCECc6BAgjECc6DgguEIAEELEDEMcBENEDOgUILhCABDoICC4QgAQQsQM6BQgAELEDUNkFWPsKYLwVaAFwAHgAgAFjiAHoApIBATSYAQCgAQGwAQo&sclient=gws-wiz' successfully

2022-02-04 00:17:56 - [MESSAGE][PASSED] - Navigate to 'https://www.google.co.th/search?q=calculator&sxsrf=APq-WBu0bAnDBLMw-Sm9ReDNbqGgWVV-nQ%3A1643879066507&source=hp&ei=mpr7YfS1HJDs-QbDpqbABg&iflsig=AHkkrS4AAAAAYfuoqtSJkal5QaaHdwqob673fqCRthxs&oq=calc&gs_lcp=Cgdnd3Mtd2l6EAEYADIICAAQgAQQsQMyCAgAEIAEELEDMggIABCABBCxAzIICAAQgAQQsQMyBQgAEIAEMgUIABCABDIICAAQgAQQsQMyBQgAEIAEMgUIABCABDIFCAAQgAQ6BwgjEOoCECc6DQguEMcBENEDEOoCECc6BAgjECc6DgguEIAEELEDEMcBENEDOgUILhCABDoICC4QgAQQsQM6BQgAELEDUNkFWPsKYLwVaAFwAHgAgAFjiAHoApIBATSYAQCgAQGwAQo&sclient=gws-wiz' successfully

2022-02-04 00:17:56 - [TEST_STEP][PASSED] - click(findTestObject("Page_calculator -  Google/num_5")): Object: 'Object Repository/Page_calculator -  Google/num_5' is clicked on

2022-02-04 00:17:58 - [MESSAGE][PASSED] - Object: 'Object Repository/Page_calculator -  Google/num_5' is clicked on

2022-02-04 00:17:58 - [TEST_STEP][PASSED] - click(findTestObject("Page_calculator -  Google/num_0")): Object: 'Object Repository/Page_calculator -  Google/num_0' is clicked on

2022-02-04 00:17:58 - [MESSAGE][PASSED] - Object: 'Object Repository/Page_calculator -  Google/num_0' is clicked on

2022-02-04 00:17:58 - [TEST_STEP][PASSED] - click(findTestObject("Page_calculator -  Google/button_divide")): Object: 'Object Repository/Page_calculator -  Google/button_divide' is clicked on

2022-02-04 00:17:59 - [MESSAGE][PASSED] - Object: 'Object Repository/Page_calculator -  Google/button_divide' is clicked on

2022-02-04 00:17:59 - [TEST_STEP][PASSED] - click(findTestObject("Page_calculator -  Google/num_5")): Object: 'Object Repository/Page_calculator -  Google/num_5' is clicked on

2022-02-04 00:17:59 - [MESSAGE][PASSED] - Object: 'Object Repository/Page_calculator -  Google/num_5' is clicked on

2022-02-04 00:17:59 - [TEST_STEP][PASSED] - click(findTestObject("Page_calculator -  Google/button_result")): Object: 'Object Repository/Page_calculator -  Google/button_result' is clicked on

2022-02-04 00:18:00 - [MESSAGE][PASSED] - Object: 'Object Repository/Page_calculator -  Google/button_result' is clicked on

2022-02-04 00:18:00 - [TEST_STEP][PASSED] - click(findTestObject("Page_calculator -  Google/number_input")): Object: 'Object Repository/Page_calculator -  Google/number_input' is clicked on

2022-02-04 00:18:01 - [MESSAGE][PASSED] - Object: 'Object Repository/Page_calculator -  Google/number_input' is clicked on

2022-02-04 00:18:01 - [MESSAGE][PASSED] - Call Test Case 'Test Cases/common/Devide number' successfully

2022-02-04 00:18:01 - [TEST_STEP][PASSED] - verifyElementText(findTestObject("Page_calculator -  Google/number_input"), "10"): Actual text and expected text of test object 'Object Repository/Page_calculator -  Google/number_input' are matched.

2022-02-04 00:18:01 - [MESSAGE][PASSED] - Actual text and expected text of test object 'Object Repository/Page_calculator -  Google/number_input' are matched.

2022-02-04 00:18:01 - [TEST_STEP][PASSED] - Start listener action : sampleAfterTestCase: Browser is closed

2022-02-04 00:18:01 - [TEST_STEP][PASSED] - closeBrowser(): Browser is closed

2022-02-04 00:18:02 - [MESSAGE][PASSED] - Browser is closed]]></system-out>
         <system-err><![CDATA[]]></system-err>
      </testcase>
      <system-out><![CDATA[2022-02-04 00:16:59 - [TEST_SUITE][PASSED] - Verify Operations: Test Cases/operations/Verify Devide]]></system-out>
      <system-err><![CDATA[]]></system-err>
   </testsuite>
</testsuites>
