<?xml version="1.0" encoding="UTF-8"?>
<testsuites name="Verify Operations" time="74.13" tests="5" failures="0" errors="0">
   <testsuite name="Verify Operations" tests="5" failures="0" errors="0" time="74.13" skipped="0" timestamp="2022-02-04 00:21:53" hostname="THE_One - DESKTOP-PNB83M6" id="Test Suites/Verify Operations">
      <properties>
         <property name="deviceName" value=""/>
         <property name="devicePlatform" value=""/>
         <property name="logFolder" value="E:\\Apply Job\\PDKM assignment\\Google calculator\\Google Calculator\\Reports\\20220204_002133\\Verify Operations\\20220204_002134"/>
         <property name="logFiles" value="E:\\Apply Job\\PDKM assignment\\Google calculator\\Google Calculator\\Reports\\20220204_002133\\Verify Operations\\20220204_002134\\execution0.log"/>
         <property name="attachments" value=""/>
         <property name="hostName" value="THE_One - DESKTOP-PNB83M6"/>
         <property name="os" value="Windows 10 64bit"/>
         <property name="katalonVersion" value="8.2.5.208"/>
         <property name="browser" value="Chrome 97.0.4692.99"/>
         <property name="hostAddress" value="192.168.1.109"/>
         <property name="sessionId" value="1bb9e833a05690e0270e616dbdc8b89f"/>
         <property name="seleniumVersion" value="3.141.59"/>
         <property name="proxyInformation" value="ProxyInformation { proxyOption=NO_PROXY, proxyServerType=HTTP, username=, password=********, proxyServerAddress=, proxyServerPort=0, executionList=&quot;&quot;, isApplyToDesiredCapabilities=true }"/>
         <property name="platform" value="Windows 10"/>
      </properties>
      <testcase name="Test Cases/common/Open Google Calculator" time="21.151" classname="Test Cases/common/Open Google Calculator" status="PASSED">
         <system-out><![CDATA[2022-02-04 00:21:53 - [TEST_CASE][PASSED] - Test Cases/common/Open Google Calculator: Test Cases/common/Open Google Calculator

2022-02-04 00:21:54 - [TEST_STEP][PASSED] - openBrowser(""): Browser is opened with url: ''

2022-02-04 00:21:55 - [MESSAGE][INFO] - Starting 'Chrome' driver

2022-02-04 00:21:56 - [MESSAGE][INFO] - Action delay is set to 0 milliseconds

2022-02-04 00:22:04 - [MESSAGE][PASSED] - Browser is opened with url: ''

2022-02-04 00:22:04 - [TEST_STEP][PASSED] - navigateToUrl("https://www.google.co.th/"): Navigate to 'https://www.google.co.th/' successfully

2022-02-04 00:22:07 - [MESSAGE][PASSED] - Navigate to 'https://www.google.co.th/' successfully

2022-02-04 00:22:07 - [TEST_STEP][PASSED] - setText(findTestObject("Page_Google/input__text"), "Calculator"): Text 'Calculator' is set on object 'Object Repository/Page_Google/input__text'

2022-02-04 00:22:09 - [MESSAGE][PASSED] - Text 'Calculator' is set on object 'Object Repository/Page_Google/input__text'

2022-02-04 00:22:09 - [TEST_STEP][PASSED] - sendKeys(findTestObject("Page_Google/input__text"), Keys.chord(ENTER)): Keys 'ENTER + ' sent to object: 'Object Repository/Page_Google/input__text'

2022-02-04 00:22:14 - [MESSAGE][PASSED] - Keys 'ENTER + ' sent to object: 'Object Repository/Page_Google/input__text'

2022-02-04 00:22:14 - [TEST_STEP][PASSED] - Start listener action : sampleAfterTestCase: Browser is closed

2022-02-04 00:22:14 - [TEST_STEP][PASSED] - closeBrowser(): Browser is closed

2022-02-04 00:22:15 - [MESSAGE][PASSED] - Browser is closed]]></system-out>
         <system-err><![CDATA[]]></system-err>
      </testcase>
      <testcase name="Test Cases/operations/Verify Plus" time="11.443" classname="Test Cases/operations/Verify Plus" status="PASSED">
         <system-out><![CDATA[2022-02-04 00:22:15 - [TEST_CASE][PASSED] - Test Cases/operations/Verify Plus: Test Cases/operations/Verify Plus

2022-02-04 00:22:15 - [TEST_STEP][PASSED] - callTestCase(findTestCase("common/Plus number"), [:], STOP_ON_FAILURE): Call Test Case 'Test Cases/common/Plus number' successfully

2022-02-04 00:22:15 - [TEST_CASE][PASSED] - Test Cases/common/Plus number: Test Cases/common/Plus number

2022-02-04 00:22:16 - [TEST_STEP][PASSED] - openBrowser(""): Browser is opened with url: ''

2022-02-04 00:22:16 - [MESSAGE][INFO] - Starting 'Chrome' driver

2022-02-04 00:22:16 - [MESSAGE][INFO] - Action delay is set to 0 milliseconds

2022-02-04 00:22:17 - [MESSAGE][PASSED] - Browser is opened with url: ''

2022-02-04 00:22:17 - [TEST_STEP][PASSED] - navigateToUrl("https://www.google.co.th/search?q=calculator&sxsrf=APq-WBu0bAnDBLMw-Sm9ReDNbqGgWVV-nQ%3A1643879066507&source=hp&ei=mpr7YfS1HJDs-QbDpqbABg&iflsig=AHkkrS4AAAAAYfuoqtSJkal5QaaHdwqob673fqCRthxs&oq=calc&gs_lcp=Cgdnd3Mtd2l6EAEYADIICAAQgAQQsQMyCAgAEIAEELEDMggIABCABBCxAzIICAAQgAQQsQMyBQgAEIAEMgUIABCABDIICAAQgAQQsQMyBQgAEIAEMgUIABCABDIFCAAQgAQ6BwgjEOoCECc6DQguEMcBENEDEOoCECc6BAgjECc6DgguEIAEELEDEMcBENEDOgUILhCABDoICC4QgAQQsQM6BQgAELEDUNkFWPsKYLwVaAFwAHgAgAFjiAHoApIBATSYAQCgAQGwAQo&sclient=gws-wiz"): Navigate to 'https://www.google.co.th/search?q=calculator&sxsrf=APq-WBu0bAnDBLMw-Sm9ReDNbqGgWVV-nQ%3A1643879066507&source=hp&ei=mpr7YfS1HJDs-QbDpqbABg&iflsig=AHkkrS4AAAAAYfuoqtSJkal5QaaHdwqob673fqCRthxs&oq=calc&gs_lcp=Cgdnd3Mtd2l6EAEYADIICAAQgAQQsQMyCAgAEIAEELEDMggIABCABBCxAzIICAAQgAQQsQMyBQgAEIAEMgUIABCABDIICAAQgAQQsQMyBQgAEIAEMgUIABCABDIFCAAQgAQ6BwgjEOoCECc6DQguEMcBENEDEOoCECc6BAgjECc6DgguEIAEELEDEMcBENEDOgUILhCABDoICC4QgAQQsQM6BQgAELEDUNkFWPsKYLwVaAFwAHgAgAFjiAHoApIBATSYAQCgAQGwAQo&sclient=gws-wiz' successfully

2022-02-04 00:22:18 - [MESSAGE][PASSED] - Navigate to 'https://www.google.co.th/search?q=calculator&sxsrf=APq-WBu0bAnDBLMw-Sm9ReDNbqGgWVV-nQ%3A1643879066507&source=hp&ei=mpr7YfS1HJDs-QbDpqbABg&iflsig=AHkkrS4AAAAAYfuoqtSJkal5QaaHdwqob673fqCRthxs&oq=calc&gs_lcp=Cgdnd3Mtd2l6EAEYADIICAAQgAQQsQMyCAgAEIAEELEDMggIABCABBCxAzIICAAQgAQQsQMyBQgAEIAEMgUIABCABDIICAAQgAQQsQMyBQgAEIAEMgUIABCABDIFCAAQgAQ6BwgjEOoCECc6DQguEMcBENEDEOoCECc6BAgjECc6DgguEIAEELEDEMcBENEDOgUILhCABDoICC4QgAQQsQM6BQgAELEDUNkFWPsKYLwVaAFwAHgAgAFjiAHoApIBATSYAQCgAQGwAQo&sclient=gws-wiz' successfully

2022-02-04 00:22:18 - [TEST_STEP][PASSED] - click(findTestObject("Page_calculator -  Google/num_1")): Object: 'Object Repository/Page_calculator -  Google/num_1' is clicked on

2022-02-04 00:22:20 - [MESSAGE][PASSED] - Object: 'Object Repository/Page_calculator -  Google/num_1' is clicked on

2022-02-04 00:22:20 - [TEST_STEP][PASSED] - click(findTestObject("Page_calculator -  Google/button_plus")): Object: 'Object Repository/Page_calculator -  Google/button_plus' is clicked on

2022-02-04 00:22:21 - [MESSAGE][PASSED] - Object: 'Object Repository/Page_calculator -  Google/button_plus' is clicked on

2022-02-04 00:22:21 - [TEST_STEP][PASSED] - click(findTestObject("Page_calculator -  Google/num_1")): Object: 'Object Repository/Page_calculator -  Google/num_1' is clicked on

2022-02-04 00:22:22 - [MESSAGE][PASSED] - Object: 'Object Repository/Page_calculator -  Google/num_1' is clicked on

2022-02-04 00:22:22 - [TEST_STEP][PASSED] - click(findTestObject("Page_calculator -  Google/button_result")): Object: 'Object Repository/Page_calculator -  Google/button_result' is clicked on

2022-02-04 00:22:23 - [MESSAGE][PASSED] - Object: 'Object Repository/Page_calculator -  Google/button_result' is clicked on

2022-02-04 00:22:23 - [TEST_STEP][PASSED] - click(findTestObject("Page_calculator -  Google/number_input")): Object: 'Object Repository/Page_calculator -  Google/number_input' is clicked on

2022-02-04 00:22:24 - [MESSAGE][PASSED] - Object: 'Object Repository/Page_calculator -  Google/number_input' is clicked on

2022-02-04 00:22:24 - [MESSAGE][PASSED] - Call Test Case 'Test Cases/common/Plus number' successfully

2022-02-04 00:22:24 - [TEST_STEP][PASSED] - verifyElementText(findTestObject("Page_calculator -  Google/number_input"), "2"): Actual text and expected text of test object 'Object Repository/Page_calculator -  Google/number_input' are matched.

2022-02-04 00:22:25 - [MESSAGE][PASSED] - Actual text and expected text of test object 'Object Repository/Page_calculator -  Google/number_input' are matched.

2022-02-04 00:22:25 - [TEST_STEP][PASSED] - Start listener action : sampleAfterTestCase: Browser is closed

2022-02-04 00:22:25 - [TEST_STEP][PASSED] - closeBrowser(): Browser is closed

2022-02-04 00:22:26 - [MESSAGE][PASSED] - Browser is closed]]></system-out>
         <system-err><![CDATA[]]></system-err>
      </testcase>
      <testcase name="Test Cases/operations/Verify Minus" time="17.01" classname="Test Cases/operations/Verify Minus" status="PASSED">
         <system-out><![CDATA[2022-02-04 00:22:26 - [TEST_CASE][PASSED] - Test Cases/operations/Verify Minus: Test Cases/operations/Verify Minus

2022-02-04 00:22:27 - [TEST_STEP][PASSED] - callTestCase(findTestCase("common/Minus number"), [:], STOP_ON_FAILURE): Call Test Case 'Test Cases/common/Minus number' successfully

2022-02-04 00:22:28 - [TEST_CASE][PASSED] - Test Cases/common/Minus number: Test Cases/common/Minus number

2022-02-04 00:22:29 - [TEST_STEP][PASSED] - openBrowser(""): Browser is opened with url: ''

2022-02-04 00:22:29 - [MESSAGE][INFO] - Starting 'Chrome' driver

2022-02-04 00:22:29 - [MESSAGE][INFO] - Action delay is set to 0 milliseconds

2022-02-04 00:22:31 - [MESSAGE][PASSED] - Browser is opened with url: ''

2022-02-04 00:22:31 - [TEST_STEP][PASSED] - navigateToUrl("https://www.google.co.th/search?q=calculator&sxsrf=APq-WBu0bAnDBLMw-Sm9ReDNbqGgWVV-nQ%3A1643879066507&source=hp&ei=mpr7YfS1HJDs-QbDpqbABg&iflsig=AHkkrS4AAAAAYfuoqtSJkal5QaaHdwqob673fqCRthxs&oq=calc&gs_lcp=Cgdnd3Mtd2l6EAEYADIICAAQgAQQsQMyCAgAEIAEELEDMggIABCABBCxAzIICAAQgAQQsQMyBQgAEIAEMgUIABCABDIICAAQgAQQsQMyBQgAEIAEMgUIABCABDIFCAAQgAQ6BwgjEOoCECc6DQguEMcBENEDEOoCECc6BAgjECc6DgguEIAEELEDEMcBENEDOgUILhCABDoICC4QgAQQsQM6BQgAELEDUNkFWPsKYLwVaAFwAHgAgAFjiAHoApIBATSYAQCgAQGwAQo&sclient=gws-wiz"): Navigate to 'https://www.google.co.th/search?q=calculator&sxsrf=APq-WBu0bAnDBLMw-Sm9ReDNbqGgWVV-nQ%3A1643879066507&source=hp&ei=mpr7YfS1HJDs-QbDpqbABg&iflsig=AHkkrS4AAAAAYfuoqtSJkal5QaaHdwqob673fqCRthxs&oq=calc&gs_lcp=Cgdnd3Mtd2l6EAEYADIICAAQgAQQsQMyCAgAEIAEELEDMggIABCABBCxAzIICAAQgAQQsQMyBQgAEIAEMgUIABCABDIICAAQgAQQsQMyBQgAEIAEMgUIABCABDIFCAAQgAQ6BwgjEOoCECc6DQguEMcBENEDEOoCECc6BAgjECc6DgguEIAEELEDEMcBENEDOgUILhCABDoICC4QgAQQsQM6BQgAELEDUNkFWPsKYLwVaAFwAHgAgAFjiAHoApIBATSYAQCgAQGwAQo&sclient=gws-wiz' successfully

2022-02-04 00:22:33 - [MESSAGE][PASSED] - Navigate to 'https://www.google.co.th/search?q=calculator&sxsrf=APq-WBu0bAnDBLMw-Sm9ReDNbqGgWVV-nQ%3A1643879066507&source=hp&ei=mpr7YfS1HJDs-QbDpqbABg&iflsig=AHkkrS4AAAAAYfuoqtSJkal5QaaHdwqob673fqCRthxs&oq=calc&gs_lcp=Cgdnd3Mtd2l6EAEYADIICAAQgAQQsQMyCAgAEIAEELEDMggIABCABBCxAzIICAAQgAQQsQMyBQgAEIAEMgUIABCABDIICAAQgAQQsQMyBQgAEIAEMgUIABCABDIFCAAQgAQ6BwgjEOoCECc6DQguEMcBENEDEOoCECc6BAgjECc6DgguEIAEELEDEMcBENEDOgUILhCABDoICC4QgAQQsQM6BQgAELEDUNkFWPsKYLwVaAFwAHgAgAFjiAHoApIBATSYAQCgAQGwAQo&sclient=gws-wiz' successfully

2022-02-04 00:22:33 - [TEST_STEP][PASSED] - click(findTestObject("Page_calculator -  Google/num_9")): Object: 'Object Repository/Page_calculator -  Google/num_9' is clicked on

2022-02-04 00:22:34 - [MESSAGE][PASSED] - Object: 'Object Repository/Page_calculator -  Google/num_9' is clicked on

2022-02-04 00:22:34 - [TEST_STEP][PASSED] - click(findTestObject("Page_calculator -  Google/num_8")): Object: 'Object Repository/Page_calculator -  Google/num_8' is clicked on

2022-02-04 00:22:35 - [MESSAGE][PASSED] - Object: 'Object Repository/Page_calculator -  Google/num_8' is clicked on

2022-02-04 00:22:35 - [TEST_STEP][PASSED] - click(findTestObject("Page_calculator -  Google/num_7")): Object: 'Object Repository/Page_calculator -  Google/num_7' is clicked on

2022-02-04 00:22:36 - [MESSAGE][PASSED] - Object: 'Object Repository/Page_calculator -  Google/num_7' is clicked on

2022-02-04 00:22:36 - [TEST_STEP][PASSED] - click(findTestObject("Page_calculator -  Google/num_6")): Object: 'Object Repository/Page_calculator -  Google/num_6' is clicked on

2022-02-04 00:22:36 - [MESSAGE][PASSED] - Object: 'Object Repository/Page_calculator -  Google/num_6' is clicked on

2022-02-04 00:22:36 - [TEST_STEP][PASSED] - click(findTestObject("Page_calculator -  Google/num_5")): Object: 'Object Repository/Page_calculator -  Google/num_5' is clicked on

2022-02-04 00:22:37 - [MESSAGE][PASSED] - Object: 'Object Repository/Page_calculator -  Google/num_5' is clicked on

2022-02-04 00:22:37 - [TEST_STEP][PASSED] - click(findTestObject("Page_calculator -  Google/button_minus")): Object: 'Object Repository/Page_calculator -  Google/button_minus' is clicked on

2022-02-04 00:22:37 - [MESSAGE][PASSED] - Object: 'Object Repository/Page_calculator -  Google/button_minus' is clicked on

2022-02-04 00:22:37 - [TEST_STEP][PASSED] - click(findTestObject("Page_calculator -  Google/num_4")): Object: 'Object Repository/Page_calculator -  Google/num_4' is clicked on

2022-02-04 00:22:38 - [MESSAGE][PASSED] - Object: 'Object Repository/Page_calculator -  Google/num_4' is clicked on

2022-02-04 00:22:38 - [TEST_STEP][PASSED] - click(findTestObject("Page_calculator -  Google/num_3")): Object: 'Object Repository/Page_calculator -  Google/num_3' is clicked on

2022-02-04 00:22:39 - [MESSAGE][PASSED] - Object: 'Object Repository/Page_calculator -  Google/num_3' is clicked on

2022-02-04 00:22:39 - [TEST_STEP][PASSED] - click(findTestObject("Page_calculator -  Google/num_2")): Object: 'Object Repository/Page_calculator -  Google/num_2' is clicked on

2022-02-04 00:22:39 - [MESSAGE][PASSED] - Object: 'Object Repository/Page_calculator -  Google/num_2' is clicked on

2022-02-04 00:22:39 - [TEST_STEP][PASSED] - click(findTestObject("Page_calculator -  Google/num_1")): Object: 'Object Repository/Page_calculator -  Google/num_1' is clicked on

2022-02-04 00:22:40 - [MESSAGE][PASSED] - Object: 'Object Repository/Page_calculator -  Google/num_1' is clicked on

2022-02-04 00:22:40 - [TEST_STEP][PASSED] - click(findTestObject("Page_calculator -  Google/num_0")): Object: 'Object Repository/Page_calculator -  Google/num_0' is clicked on

2022-02-04 00:22:40 - [MESSAGE][PASSED] - Object: 'Object Repository/Page_calculator -  Google/num_0' is clicked on

2022-02-04 00:22:40 - [TEST_STEP][PASSED] - click(findTestObject("Page_calculator -  Google/button_result")): Object: 'Object Repository/Page_calculator -  Google/button_result' is clicked on

2022-02-04 00:22:41 - [MESSAGE][PASSED] - Object: 'Object Repository/Page_calculator -  Google/button_result' is clicked on

2022-02-04 00:22:41 - [TEST_STEP][PASSED] - click(findTestObject("Page_calculator -  Google/number_input")): Object: 'Object Repository/Page_calculator -  Google/number_input' is clicked on

2022-02-04 00:22:41 - [MESSAGE][PASSED] - Object: 'Object Repository/Page_calculator -  Google/number_input' is clicked on

2022-02-04 00:22:41 - [MESSAGE][PASSED] - Call Test Case 'Test Cases/common/Minus number' successfully

2022-02-04 00:22:41 - [TEST_STEP][PASSED] - verifyElementText(findTestObject("Page_calculator -  Google/number_input"), "55555"): Actual text and expected text of test object 'Object Repository/Page_calculator -  Google/number_input' are matched.

2022-02-04 00:22:42 - [MESSAGE][PASSED] - Actual text and expected text of test object 'Object Repository/Page_calculator -  Google/number_input' are matched.

2022-02-04 00:22:42 - [TEST_STEP][PASSED] - Start listener action : sampleAfterTestCase: Browser is closed

2022-02-04 00:22:42 - [TEST_STEP][PASSED] - closeBrowser(): Browser is closed

2022-02-04 00:22:43 - [MESSAGE][PASSED] - Browser is closed]]></system-out>
         <system-err><![CDATA[]]></system-err>
      </testcase>
      <testcase name="Test Cases/operations/Verify Multiply" time="13.407" classname="Test Cases/operations/Verify Multiply" status="PASSED">
         <system-out><![CDATA[2022-02-04 00:22:43 - [TEST_CASE][PASSED] - Test Cases/operations/Verify Multiply: Test Cases/operations/Verify Multiply

2022-02-04 00:22:44 - [TEST_STEP][PASSED] - callTestCase(findTestCase("common/Multiply number"), [:], STOP_ON_FAILURE): Call Test Case 'Test Cases/common/Multiply number' successfully

2022-02-04 00:22:44 - [TEST_CASE][PASSED] - Test Cases/common/Multiply number: Test Cases/common/Multiply number

2022-02-04 00:22:46 - [TEST_STEP][PASSED] - openBrowser(""): Browser is opened with url: ''

2022-02-04 00:22:46 - [MESSAGE][INFO] - Starting 'Chrome' driver

2022-02-04 00:22:46 - [MESSAGE][INFO] - Action delay is set to 0 milliseconds

2022-02-04 00:22:48 - [MESSAGE][PASSED] - Browser is opened with url: ''

2022-02-04 00:22:48 - [TEST_STEP][PASSED] - navigateToUrl("https://www.google.co.th/search?q=calculator&sxsrf=APq-WBu0bAnDBLMw-Sm9ReDNbqGgWVV-nQ%3A1643879066507&source=hp&ei=mpr7YfS1HJDs-QbDpqbABg&iflsig=AHkkrS4AAAAAYfuoqtSJkal5QaaHdwqob673fqCRthxs&oq=calc&gs_lcp=Cgdnd3Mtd2l6EAEYADIICAAQgAQQsQMyCAgAEIAEELEDMggIABCABBCxAzIICAAQgAQQsQMyBQgAEIAEMgUIABCABDIICAAQgAQQsQMyBQgAEIAEMgUIABCABDIFCAAQgAQ6BwgjEOoCECc6DQguEMcBENEDEOoCECc6BAgjECc6DgguEIAEELEDEMcBENEDOgUILhCABDoICC4QgAQQsQM6BQgAELEDUNkFWPsKYLwVaAFwAHgAgAFjiAHoApIBATSYAQCgAQGwAQo&sclient=gws-wiz"): Navigate to 'https://www.google.co.th/search?q=calculator&sxsrf=APq-WBu0bAnDBLMw-Sm9ReDNbqGgWVV-nQ%3A1643879066507&source=hp&ei=mpr7YfS1HJDs-QbDpqbABg&iflsig=AHkkrS4AAAAAYfuoqtSJkal5QaaHdwqob673fqCRthxs&oq=calc&gs_lcp=Cgdnd3Mtd2l6EAEYADIICAAQgAQQsQMyCAgAEIAEELEDMggIABCABBCxAzIICAAQgAQQsQMyBQgAEIAEMgUIABCABDIICAAQgAQQsQMyBQgAEIAEMgUIABCABDIFCAAQgAQ6BwgjEOoCECc6DQguEMcBENEDEOoCECc6BAgjECc6DgguEIAEELEDEMcBENEDOgUILhCABDoICC4QgAQQsQM6BQgAELEDUNkFWPsKYLwVaAFwAHgAgAFjiAHoApIBATSYAQCgAQGwAQo&sclient=gws-wiz' successfully

2022-02-04 00:22:49 - [MESSAGE][PASSED] - Navigate to 'https://www.google.co.th/search?q=calculator&sxsrf=APq-WBu0bAnDBLMw-Sm9ReDNbqGgWVV-nQ%3A1643879066507&source=hp&ei=mpr7YfS1HJDs-QbDpqbABg&iflsig=AHkkrS4AAAAAYfuoqtSJkal5QaaHdwqob673fqCRthxs&oq=calc&gs_lcp=Cgdnd3Mtd2l6EAEYADIICAAQgAQQsQMyCAgAEIAEELEDMggIABCABBCxAzIICAAQgAQQsQMyBQgAEIAEMgUIABCABDIICAAQgAQQsQMyBQgAEIAEMgUIABCABDIFCAAQgAQ6BwgjEOoCECc6DQguEMcBENEDEOoCECc6BAgjECc6DgguEIAEELEDEMcBENEDOgUILhCABDoICC4QgAQQsQM6BQgAELEDUNkFWPsKYLwVaAFwAHgAgAFjiAHoApIBATSYAQCgAQGwAQo&sclient=gws-wiz' successfully

2022-02-04 00:22:49 - [TEST_STEP][PASSED] - click(findTestObject("Page_calculator -  Google/num_5")): Object: 'Object Repository/Page_calculator -  Google/num_5' is clicked on

2022-02-04 00:22:53 - [MESSAGE][PASSED] - Object: 'Object Repository/Page_calculator -  Google/num_5' is clicked on

2022-02-04 00:22:53 - [TEST_STEP][PASSED] - click(findTestObject("Page_calculator -  Google/button_multiple")): Object: 'Object Repository/Page_calculator -  Google/button_multiple' is clicked on

2022-02-04 00:22:53 - [MESSAGE][PASSED] - Object: 'Object Repository/Page_calculator -  Google/button_multiple' is clicked on

2022-02-04 00:22:53 - [TEST_STEP][PASSED] - click(findTestObject("Page_calculator -  Google/num_5")): Object: 'Object Repository/Page_calculator -  Google/num_5' is clicked on

2022-02-04 00:22:54 - [MESSAGE][PASSED] - Object: 'Object Repository/Page_calculator -  Google/num_5' is clicked on

2022-02-04 00:22:54 - [TEST_STEP][PASSED] - click(findTestObject("Page_calculator -  Google/button_result")): Object: 'Object Repository/Page_calculator -  Google/button_result' is clicked on

2022-02-04 00:22:54 - [MESSAGE][PASSED] - Object: 'Object Repository/Page_calculator -  Google/button_result' is clicked on

2022-02-04 00:22:54 - [TEST_STEP][PASSED] - click(findTestObject("Page_calculator -  Google/number_input")): Object: 'Object Repository/Page_calculator -  Google/number_input' is clicked on

2022-02-04 00:22:55 - [MESSAGE][PASSED] - Object: 'Object Repository/Page_calculator -  Google/number_input' is clicked on

2022-02-04 00:22:55 - [MESSAGE][PASSED] - Call Test Case 'Test Cases/common/Multiply number' successfully

2022-02-04 00:22:55 - [TEST_STEP][PASSED] - verifyElementText(findTestObject("Page_calculator -  Google/number_input"), "25"): Actual text and expected text of test object 'Object Repository/Page_calculator -  Google/number_input' are matched.

2022-02-04 00:22:56 - [MESSAGE][PASSED] - Actual text and expected text of test object 'Object Repository/Page_calculator -  Google/number_input' are matched.

2022-02-04 00:22:56 - [TEST_STEP][PASSED] - Start listener action : sampleAfterTestCase: Browser is closed

2022-02-04 00:22:56 - [TEST_STEP][PASSED] - closeBrowser(): Browser is closed

2022-02-04 00:22:56 - [MESSAGE][PASSED] - Browser is closed]]></system-out>
         <system-err><![CDATA[]]></system-err>
      </testcase>
      <testcase name="Test Cases/operations/Verify Devide" time="10.257" classname="Test Cases/operations/Verify Devide" status="PASSED">
         <system-out><![CDATA[2022-02-04 00:22:56 - [TEST_CASE][PASSED] - Test Cases/operations/Verify Devide: Test Cases/operations/Verify Devide

2022-02-04 00:22:57 - [TEST_STEP][PASSED] - callTestCase(findTestCase("common/Devide number"), [:], STOP_ON_FAILURE): Call Test Case 'Test Cases/common/Devide number' successfully

2022-02-04 00:22:57 - [TEST_CASE][PASSED] - Test Cases/common/Devide number: Test Cases/common/Devide number

2022-02-04 00:22:57 - [TEST_STEP][PASSED] - openBrowser(""): Browser is opened with url: ''

2022-02-04 00:22:57 - [MESSAGE][INFO] - Starting 'Chrome' driver

2022-02-04 00:22:57 - [MESSAGE][INFO] - Action delay is set to 0 milliseconds

2022-02-04 00:22:59 - [MESSAGE][PASSED] - Browser is opened with url: ''

2022-02-04 00:22:59 - [TEST_STEP][PASSED] - navigateToUrl("https://www.google.co.th/search?q=calculator&sxsrf=APq-WBu0bAnDBLMw-Sm9ReDNbqGgWVV-nQ%3A1643879066507&source=hp&ei=mpr7YfS1HJDs-QbDpqbABg&iflsig=AHkkrS4AAAAAYfuoqtSJkal5QaaHdwqob673fqCRthxs&oq=calc&gs_lcp=Cgdnd3Mtd2l6EAEYADIICAAQgAQQsQMyCAgAEIAEELEDMggIABCABBCxAzIICAAQgAQQsQMyBQgAEIAEMgUIABCABDIICAAQgAQQsQMyBQgAEIAEMgUIABCABDIFCAAQgAQ6BwgjEOoCECc6DQguEMcBENEDEOoCECc6BAgjECc6DgguEIAEELEDEMcBENEDOgUILhCABDoICC4QgAQQsQM6BQgAELEDUNkFWPsKYLwVaAFwAHgAgAFjiAHoApIBATSYAQCgAQGwAQo&sclient=gws-wiz"): Navigate to 'https://www.google.co.th/search?q=calculator&sxsrf=APq-WBu0bAnDBLMw-Sm9ReDNbqGgWVV-nQ%3A1643879066507&source=hp&ei=mpr7YfS1HJDs-QbDpqbABg&iflsig=AHkkrS4AAAAAYfuoqtSJkal5QaaHdwqob673fqCRthxs&oq=calc&gs_lcp=Cgdnd3Mtd2l6EAEYADIICAAQgAQQsQMyCAgAEIAEELEDMggIABCABBCxAzIICAAQgAQQsQMyBQgAEIAEMgUIABCABDIICAAQgAQQsQMyBQgAEIAEMgUIABCABDIFCAAQgAQ6BwgjEOoCECc6DQguEMcBENEDEOoCECc6BAgjECc6DgguEIAEELEDEMcBENEDOgUILhCABDoICC4QgAQQsQM6BQgAELEDUNkFWPsKYLwVaAFwAHgAgAFjiAHoApIBATSYAQCgAQGwAQo&sclient=gws-wiz' successfully

2022-02-04 00:22:59 - [MESSAGE][PASSED] - Navigate to 'https://www.google.co.th/search?q=calculator&sxsrf=APq-WBu0bAnDBLMw-Sm9ReDNbqGgWVV-nQ%3A1643879066507&source=hp&ei=mpr7YfS1HJDs-QbDpqbABg&iflsig=AHkkrS4AAAAAYfuoqtSJkal5QaaHdwqob673fqCRthxs&oq=calc&gs_lcp=Cgdnd3Mtd2l6EAEYADIICAAQgAQQsQMyCAgAEIAEELEDMggIABCABBCxAzIICAAQgAQQsQMyBQgAEIAEMgUIABCABDIICAAQgAQQsQMyBQgAEIAEMgUIABCABDIFCAAQgAQ6BwgjEOoCECc6DQguEMcBENEDEOoCECc6BAgjECc6DgguEIAEELEDEMcBENEDOgUILhCABDoICC4QgAQQsQM6BQgAELEDUNkFWPsKYLwVaAFwAHgAgAFjiAHoApIBATSYAQCgAQGwAQo&sclient=gws-wiz' successfully

2022-02-04 00:22:59 - [TEST_STEP][PASSED] - click(findTestObject("Page_calculator -  Google/num_5")): Object: 'Object Repository/Page_calculator -  Google/num_5' is clicked on

2022-02-04 00:23:02 - [MESSAGE][PASSED] - Object: 'Object Repository/Page_calculator -  Google/num_5' is clicked on

2022-02-04 00:23:02 - [TEST_STEP][PASSED] - click(findTestObject("Page_calculator -  Google/num_0")): Object: 'Object Repository/Page_calculator -  Google/num_0' is clicked on

2022-02-04 00:23:02 - [MESSAGE][PASSED] - Object: 'Object Repository/Page_calculator -  Google/num_0' is clicked on

2022-02-04 00:23:02 - [TEST_STEP][PASSED] - click(findTestObject("Page_calculator -  Google/button_divide")): Object: 'Object Repository/Page_calculator -  Google/button_divide' is clicked on

2022-02-04 00:23:03 - [MESSAGE][PASSED] - Object: 'Object Repository/Page_calculator -  Google/button_divide' is clicked on

2022-02-04 00:23:03 - [TEST_STEP][PASSED] - click(findTestObject("Page_calculator -  Google/num_5")): Object: 'Object Repository/Page_calculator -  Google/num_5' is clicked on

2022-02-04 00:23:03 - [MESSAGE][PASSED] - Object: 'Object Repository/Page_calculator -  Google/num_5' is clicked on

2022-02-04 00:23:03 - [TEST_STEP][PASSED] - click(findTestObject("Page_calculator -  Google/button_result")): Object: 'Object Repository/Page_calculator -  Google/button_result' is clicked on

2022-02-04 00:23:04 - [MESSAGE][PASSED] - Object: 'Object Repository/Page_calculator -  Google/button_result' is clicked on

2022-02-04 00:23:04 - [TEST_STEP][PASSED] - click(findTestObject("Page_calculator -  Google/number_input")): Object: 'Object Repository/Page_calculator -  Google/number_input' is clicked on

2022-02-04 00:23:05 - [MESSAGE][PASSED] - Object: 'Object Repository/Page_calculator -  Google/number_input' is clicked on

2022-02-04 00:23:05 - [MESSAGE][PASSED] - Call Test Case 'Test Cases/common/Devide number' successfully

2022-02-04 00:23:05 - [TEST_STEP][PASSED] - verifyElementText(findTestObject("Page_calculator -  Google/number_input"), "10"): Actual text and expected text of test object 'Object Repository/Page_calculator -  Google/number_input' are matched.

2022-02-04 00:23:06 - [MESSAGE][PASSED] - Actual text and expected text of test object 'Object Repository/Page_calculator -  Google/number_input' are matched.

2022-02-04 00:23:06 - [TEST_STEP][PASSED] - Start listener action : sampleAfterTestCase: Browser is closed

2022-02-04 00:23:06 - [TEST_STEP][PASSED] - closeBrowser(): Browser is closed

2022-02-04 00:23:07 - [MESSAGE][PASSED] - Browser is closed]]></system-out>
         <system-err><![CDATA[]]></system-err>
      </testcase>
      <system-out><![CDATA[2022-02-04 00:21:53 - [TEST_SUITE][PASSED] - Verify Operations: Test Cases/operations/Verify Devide]]></system-out>
      <system-err><![CDATA[]]></system-err>
   </testsuite>
</testsuites>
